

Started GET "/" for ::1 at 2016-05-07 18:23:39 -0400

ActiveRecord::NoDatabaseError (FATAL:  role "postgres" does not exist
):
  activerecord (4.2.0) lib/active_record/connection_adapters/postgresql_adapter.rb:661:in `rescue in connect'
  activerecord (4.2.0) lib/active_record/connection_adapters/postgresql_adapter.rb:651:in `connect'
  activerecord (4.2.0) lib/active_record/connection_adapters/postgresql_adapter.rb:242:in `initialize'
  activerecord (4.2.0) lib/active_record/connection_adapters/postgresql_adapter.rb:44:in `new'
  activerecord (4.2.0) lib/active_record/connection_adapters/postgresql_adapter.rb:44:in `postgresql_connection'
  activerecord (4.2.0) lib/active_record/connection_adapters/abstract/connection_pool.rb:436:in `new_connection'
  activerecord (4.2.0) lib/active_record/connection_adapters/abstract/connection_pool.rb:446:in `checkout_new_connection'
  activerecord (4.2.0) lib/active_record/connection_adapters/abstract/connection_pool.rb:422:in `acquire_connection'
  activerecord (4.2.0) lib/active_record/connection_adapters/abstract/connection_pool.rb:349:in `block in checkout'
  /usr/local/Cellar/ruby/2.3.0/lib/ruby/2.3.0/monitor.rb:214:in `mon_synchronize'
  activerecord (4.2.0) lib/active_record/connection_adapters/abstract/connection_pool.rb:348:in `checkout'
  activerecord (4.2.0) lib/active_record/connection_adapters/abstract/connection_pool.rb:263:in `block in connection'
  /usr/local/Cellar/ruby/2.3.0/lib/ruby/2.3.0/monitor.rb:214:in `mon_synchronize'
  activerecord (4.2.0) lib/active_record/connection_adapters/abstract/connection_pool.rb:262:in `connection'
  activerecord (4.2.0) lib/active_record/connection_adapters/abstract/connection_pool.rb:565:in `retrieve_connection'
  activerecord (4.2.0) lib/active_record/connection_handling.rb:113:in `retrieve_connection'
  activerecord (4.2.0) lib/active_record/connection_handling.rb:87:in `connection'
  activerecord (4.2.0) lib/active_record/migration.rb:384:in `connection'
  activerecord (4.2.0) lib/active_record/migration.rb:371:in `call'
  actionpack (4.2.0) lib/action_dispatch/middleware/callbacks.rb:29:in `block in call'
  activesupport (4.2.0) lib/active_support/callbacks.rb:88:in `_run_callbacks'
  activesupport (4.2.0) lib/active_support/callbacks.rb:734:in `_run_call_callbacks'
  activesupport (4.2.0) lib/active_support/callbacks.rb:81:in `run_callbacks'
  actionpack (4.2.0) lib/action_dispatch/middleware/callbacks.rb:27:in `call'
  actionpack (4.2.0) lib/action_dispatch/middleware/reloader.rb:73:in `call'
  actionpack (4.2.0) lib/action_dispatch/middleware/remote_ip.rb:78:in `call'
  actionpack (4.2.0) lib/action_dispatch/middleware/debug_exceptions.rb:17:in `call'
  web-console (2.1.2) lib/web_console/middleware.rb:37:in `call'
  actionpack (4.2.0) lib/action_dispatch/middleware/show_exceptions.rb:30:in `call'
  railties (4.2.0) lib/rails/rack/logger.rb:38:in `call_app'
  railties (4.2.0) lib/rails/rack/logger.rb:20:in `block in call'
  activesupport (4.2.0) lib/active_support/tagged_logging.rb:68:in `block in tagged'
  activesupport (4.2.0) lib/active_support/tagged_logging.rb:26:in `tagged'
  activesupport (4.2.0) lib/active_support/tagged_logging.rb:68:in `tagged'
  railties (4.2.0) lib/rails/rack/logger.rb:20:in `call'
  actionpack (4.2.0) lib/action_dispatch/middleware/request_id.rb:21:in `call'
  rack (1.6.0) lib/rack/methodoverride.rb:22:in `call'
  rack (1.6.0) lib/rack/runtime.rb:18:in `call'
  activesupport (4.2.0) lib/active_support/cache/strategy/local_cache_middleware.rb:28:in `call'
  rack (1.6.0) lib/rack/lock.rb:17:in `call'
  actionpack (4.2.0) lib/action_dispatch/middleware/static.rb:113:in `call'
  rack (1.6.0) lib/rack/sendfile.rb:113:in `call'
  railties (4.2.0) lib/rails/engine.rb:518:in `call'
  railties (4.2.0) lib/rails/application.rb:164:in `call'
  rack (1.6.0) lib/rack/content_length.rb:15:in `call'
  puma (2.11.0) lib/puma/server.rb:507:in `handle_request'
  puma (2.11.0) lib/puma/server.rb:375:in `process_client'
  puma (2.11.0) lib/puma/server.rb:262:in `block in run'
  puma (2.11.0) lib/puma/thread_pool.rb:104:in `block in spawn_thread'


  Rendered /Users/abigailmabeza/.rvm/gems/ruby-2.3.0/gems/actionpack-4.2.0/lib/action_dispatch/middleware/templates/rescues/_source.erb (3.0ms)
  Rendered /Users/abigailmabeza/.rvm/gems/ruby-2.3.0/gems/actionpack-4.2.0/lib/action_dispatch/middleware/templates/rescues/_trace.html.erb (1.8ms)
  Rendered /Users/abigailmabeza/.rvm/gems/ruby-2.3.0/gems/actionpack-4.2.0/lib/action_dispatch/middleware/templates/rescues/_request_and_response.html.erb (1.2ms)
  Rendered /Users/abigailmabeza/.rvm/gems/ruby-2.3.0/gems/actionpack-4.2.0/lib/action_dispatch/middleware/templates/rescues/diagnostics.html.erb within rescues/layout (55.9ms)
  Rendered /Users/abigailmabeza/.rvm/gems/ruby-2.3.0/gems/web-console-2.1.2/lib/web_console/templates/_markup.html.erb (0.4ms)
  Rendered /Users/abigailmabeza/.rvm/gems/ruby-2.3.0/gems/web-console-2.1.2/lib/web_console/templates/style.css.erb within layouts/inlined_string (0.3ms)
  Rendered /Users/abigailmabeza/.rvm/gems/ruby-2.3.0/gems/web-console-2.1.2/lib/web_console/templates/_inner_console_markup.html.erb within layouts/inlined_string (0.3ms)
  Rendered /Users/abigailmabeza/.rvm/gems/ruby-2.3.0/gems/web-console-2.1.2/lib/web_console/templates/_prompt_box_markup.html.erb within layouts/inlined_string (0.3ms)
  Rendered /Users/abigailmabeza/.rvm/gems/ruby-2.3.0/gems/web-console-2.1.2/lib/web_console/templates/console.js.erb within layouts/javascript (48.9ms)
  Rendered /Users/abigailmabeza/.rvm/gems/ruby-2.3.0/gems/web-console-2.1.2/lib/web_console/templates/main.js.erb within layouts/javascript (0.3ms)
  Rendered /Users/abigailmabeza/.rvm/gems/ruby-2.3.0/gems/web-console-2.1.2/lib/web_console/templates/error_page.js.erb within layouts/javascript (0.4ms)
  Rendered /Users/abigailmabeza/.rvm/gems/ruby-2.3.0/gems/web-console-2.1.2/lib/web_console/templates/index.html.erb (112.3ms)


Started GET "/" for ::1 at 2016-05-07 18:23:42 -0400

ActiveRecord::NoDatabaseError (FATAL:  role "postgres" does not exist
):
  activerecord (4.2.0) lib/active_record/connection_adapters/postgresql_adapter.rb:661:in `rescue in connect'
  activerecord (4.2.0) lib/active_record/connection_adapters/postgresql_adapter.rb:651:in `connect'
  activerecord (4.2.0) lib/active_record/connection_adapters/postgresql_adapter.rb:242:in `initialize'
  activerecord (4.2.0) lib/active_record/connection_adapters/postgresql_adapter.rb:44:in `new'
  activerecord (4.2.0) lib/active_record/connection_adapters/postgresql_adapter.rb:44:in `postgresql_connection'
  activerecord (4.2.0) lib/active_record/connection_adapters/abstract/connection_pool.rb:436:in `new_connection'
  activerecord (4.2.0) lib/active_record/connection_adapters/abstract/connection_pool.rb:446:in `checkout_new_connection'
  activerecord (4.2.0) lib/active_record/connection_adapters/abstract/connection_pool.rb:422:in `acquire_connection'
  activerecord (4.2.0) lib/active_record/connection_adapters/abstract/connection_pool.rb:349:in `block in checkout'
  /usr/local/Cellar/ruby/2.3.0/lib/ruby/2.3.0/monitor.rb:214:in `mon_synchronize'
  activerecord (4.2.0) lib/active_record/connection_adapters/abstract/connection_pool.rb:348:in `checkout'
  activerecord (4.2.0) lib/active_record/connection_adapters/abstract/connection_pool.rb:263:in `block in connection'
  /usr/local/Cellar/ruby/2.3.0/lib/ruby/2.3.0/monitor.rb:214:in `mon_synchronize'
  activerecord (4.2.0) lib/active_record/connection_adapters/abstract/connection_pool.rb:262:in `connection'
  activerecord (4.2.0) lib/active_record/connection_adapters/abstract/connection_pool.rb:565:in `retrieve_connection'
  activerecord (4.2.0) lib/active_record/connection_handling.rb:113:in `retrieve_connection'
  activerecord (4.2.0) lib/active_record/connection_handling.rb:87:in `connection'
  activerecord (4.2.0) lib/active_record/migration.rb:384:in `connection'
  activerecord (4.2.0) lib/active_record/migration.rb:371:in `call'
  actionpack (4.2.0) lib/action_dispatch/middleware/callbacks.rb:29:in `block in call'
  activesupport (4.2.0) lib/active_support/callbacks.rb:88:in `_run_callbacks'
  activesupport (4.2.0) lib/active_support/callbacks.rb:734:in `_run_call_callbacks'
  activesupport (4.2.0) lib/active_support/callbacks.rb:81:in `run_callbacks'
  actionpack (4.2.0) lib/action_dispatch/middleware/callbacks.rb:27:in `call'
  actionpack (4.2.0) lib/action_dispatch/middleware/reloader.rb:73:in `call'
  actionpack (4.2.0) lib/action_dispatch/middleware/remote_ip.rb:78:in `call'
  actionpack (4.2.0) lib/action_dispatch/middleware/debug_exceptions.rb:17:in `call'
  web-console (2.1.2) lib/web_console/middleware.rb:37:in `call'
  actionpack (4.2.0) lib/action_dispatch/middleware/show_exceptions.rb:30:in `call'
  railties (4.2.0) lib/rails/rack/logger.rb:38:in `call_app'
  railties (4.2.0) lib/rails/rack/logger.rb:20:in `block in call'
  activesupport (4.2.0) lib/active_support/tagged_logging.rb:68:in `block in tagged'
  activesupport (4.2.0) lib/active_support/tagged_logging.rb:26:in `tagged'
  activesupport (4.2.0) lib/active_support/tagged_logging.rb:68:in `tagged'
  railties (4.2.0) lib/rails/rack/logger.rb:20:in `call'
  actionpack (4.2.0) lib/action_dispatch/middleware/request_id.rb:21:in `call'
  rack (1.6.0) lib/rack/methodoverride.rb:22:in `call'
  rack (1.6.0) lib/rack/runtime.rb:18:in `call'
  activesupport (4.2.0) lib/active_support/cache/strategy/local_cache_middleware.rb:28:in `call'
  rack (1.6.0) lib/rack/lock.rb:17:in `call'
  actionpack (4.2.0) lib/action_dispatch/middleware/static.rb:113:in `call'
  rack (1.6.0) lib/rack/sendfile.rb:113:in `call'
  railties (4.2.0) lib/rails/engine.rb:518:in `call'
  railties (4.2.0) lib/rails/application.rb:164:in `call'
  rack (1.6.0) lib/rack/content_length.rb:15:in `call'
  puma (2.11.0) lib/puma/server.rb:507:in `handle_request'
  puma (2.11.0) lib/puma/server.rb:375:in `process_client'
  puma (2.11.0) lib/puma/server.rb:262:in `block in run'
  puma (2.11.0) lib/puma/thread_pool.rb:104:in `block in spawn_thread'


  Rendered /Users/abigailmabeza/.rvm/gems/ruby-2.3.0/gems/actionpack-4.2.0/lib/action_dispatch/middleware/templates/rescues/_source.erb (3.3ms)
  Rendered /Users/abigailmabeza/.rvm/gems/ruby-2.3.0/gems/actionpack-4.2.0/lib/action_dispatch/middleware/templates/rescues/_trace.html.erb (1.8ms)
  Rendered /Users/abigailmabeza/.rvm/gems/ruby-2.3.0/gems/actionpack-4.2.0/lib/action_dispatch/middleware/templates/rescues/_request_and_response.html.erb (0.8ms)
  Rendered /Users/abigailmabeza/.rvm/gems/ruby-2.3.0/gems/actionpack-4.2.0/lib/action_dispatch/middleware/templates/rescues/diagnostics.html.erb within rescues/layout (51.1ms)
  Rendered /Users/abigailmabeza/.rvm/gems/ruby-2.3.0/gems/web-console-2.1.2/lib/web_console/templates/_markup.html.erb (0.4ms)
  Rendered /Users/abigailmabeza/.rvm/gems/ruby-2.3.0/gems/web-console-2.1.2/lib/web_console/templates/style.css.erb within layouts/inlined_string (0.3ms)
  Rendered /Users/abigailmabeza/.rvm/gems/ruby-2.3.0/gems/web-console-2.1.2/lib/web_console/templates/_inner_console_markup.html.erb within layouts/inlined_string (0.4ms)
  Rendered /Users/abigailmabeza/.rvm/gems/ruby-2.3.0/gems/web-console-2.1.2/lib/web_console/templates/_prompt_box_markup.html.erb within layouts/inlined_string (0.3ms)
  Rendered /Users/abigailmabeza/.rvm/gems/ruby-2.3.0/gems/web-console-2.1.2/lib/web_console/templates/console.js.erb within layouts/javascript (42.8ms)
  Rendered /Users/abigailmabeza/.rvm/gems/ruby-2.3.0/gems/web-console-2.1.2/lib/web_console/templates/main.js.erb within layouts/javascript (0.4ms)
  Rendered /Users/abigailmabeza/.rvm/gems/ruby-2.3.0/gems/web-console-2.1.2/lib/web_console/templates/error_page.js.erb within layouts/javascript (0.4ms)
  Rendered /Users/abigailmabeza/.rvm/gems/ruby-2.3.0/gems/web-console-2.1.2/lib/web_console/templates/index.html.erb (94.1ms)
  [1m[36mSQL (0.9ms)[0m  [1mCREATE EXTENSION IF NOT EXISTS "plpgsql"[0m
  [1m[35m (17.4ms)[0m  CREATE TABLE "pins" ("id" serial primary key, "title" character varying, "url" character varying, "text" text, "slug" character varying, "resource_type" character varying) 
  [1m[36m (18.4ms)[0m  [1mCREATE TABLE "schema_migrations" ("version" character varying NOT NULL) [0m
  [1m[35m (1.2ms)[0m  CREATE UNIQUE INDEX  "unique_schema_migrations" ON "schema_migrations"  ("version")
  [1m[36m (0.4ms)[0m  [1mSELECT version FROM "schema_migrations"[0m
  [1m[35m (0.5ms)[0m  INSERT INTO "schema_migrations" (version) VALUES ('20150320022457')
  [1m[36m (0.7ms)[0m  [1mINSERT INTO "schema_migrations" (version) VALUES ('20150318194553')[0m
  [1m[35mSQL (2.3ms)[0m  CREATE EXTENSION IF NOT EXISTS "plpgsql"
  [1m[36m (37.4ms)[0m  [1mCREATE TABLE "pins" ("id" serial primary key, "title" character varying, "url" character varying, "text" text, "slug" character varying, "resource_type" character varying) [0m
  [1m[35m (6.3ms)[0m  CREATE TABLE "schema_migrations" ("version" character varying NOT NULL) 
  [1m[36m (1.8ms)[0m  [1mCREATE UNIQUE INDEX  "unique_schema_migrations" ON "schema_migrations"  ("version")[0m
  [1m[35m (0.4ms)[0m  SELECT version FROM "schema_migrations"
  [1m[36m (0.8ms)[0m  [1mINSERT INTO "schema_migrations" (version) VALUES ('20150320022457')[0m
  [1m[35m (0.5ms)[0m  INSERT INTO "schema_migrations" (version) VALUES ('20150318194553')
  [1m[36mActiveRecord::SchemaMigration Load (0.7ms)[0m  [1mSELECT "schema_migrations".* FROM "schema_migrations"[0m
  [1m[35m (0.2ms)[0m  BEGIN
  [1m[36mPin Exists (0.8ms)[0m  [1mSELECT  1 AS one FROM "pins" WHERE "pins"."slug" = 'rails-tutorial' LIMIT 1[0m
  [1m[35mSQL (0.3ms)[0m  INSERT INTO "pins" ("title", "url", "text", "slug", "resource_type") VALUES ($1, $2, $3, $4, $5) RETURNING "id"  [["title", "Rails Tutorial"], ["url", "https://www.railstutorial.org/"], ["text", "The trusted standard in self-directed introductions to Ruby on Rails. A complete treatment of all the essentials\n    required in most production Rails applications."], ["slug", "rails-tutorial"], ["resource_type", "rails"]]
  [1m[36m (6.3ms)[0m  [1mCOMMIT[0m
  [1m[35m (0.2ms)[0m  BEGIN
  [1m[36mPin Exists (12.1ms)[0m  [1mSELECT  1 AS one FROM "pins" WHERE "pins"."slug" = 'rails-for-zombies' LIMIT 1[0m
  [1m[35mSQL (0.3ms)[0m  INSERT INTO "pins" ("title", "url", "text", "slug", "resource_type") VALUES ($1, $2, $3, $4, $5) RETURNING "id"  [["title", "Rails for Zombies"], ["url", "http://railsforzombies.org"], ["text", "A fun, gamified way to hone your Rails skills! Come on...who doesn't like fighting zombies?!"], ["slug", "rails-for-zombies"], ["resource_type", "rails"]]
  [1m[36m (0.4ms)[0m  [1mCOMMIT[0m
  [1m[35m (0.1ms)[0m  BEGIN
  [1m[36mPin Exists (0.3ms)[0m  [1mSELECT  1 AS one FROM "pins" WHERE "pins"."slug" = 'try-ruby' LIMIT 1[0m
  [1m[35mSQL (0.2ms)[0m  INSERT INTO "pins" ("title", "url", "text", "slug", "resource_type") VALUES ($1, $2, $3, $4, $5) RETURNING "id"  [["title", "Try Ruby"], ["url", "http://tryruby.org/"], ["text", "An interactive, in-browser tutorial for the Ruby programming language. A thorough walkthrough of \n    Ruby's nuances, geared toward beginners."], ["slug", "try-ruby"], ["resource_type", "ruby"]]
  [1m[36m (0.3ms)[0m  [1mCOMMIT[0m
  [1m[35m (0.2ms)[0m  BEGIN
  [1m[36mPin Exists (0.3ms)[0m  [1mSELECT  1 AS one FROM "pins" WHERE "pins"."slug" = 'ruby-quiz' LIMIT 1[0m
  [1m[35mSQL (0.3ms)[0m  INSERT INTO "pins" ("title", "url", "text", "slug", "resource_type") VALUES ($1, $2, $3, $4, $5) RETURNING "id"  [["title", "Ruby Quiz"], ["url", "http://rubyquiz.org"], ["text", "A collection of quizzes on the Ruby programming language."], ["slug", "ruby-quiz"], ["resource_type", "ruby"]]
  [1m[36m (0.4ms)[0m  [1mCOMMIT[0m
  [1m[35m (0.1ms)[0m  BEGIN
  [1m[36mPin Exists (0.3ms)[0m  [1mSELECT  1 AS one FROM "pins" WHERE "pins"."slug" = 'ga-ror-for-developers' LIMIT 1[0m
  [1m[35mSQL (0.2ms)[0m  INSERT INTO "pins" ("title", "url", "text", "slug", "resource_type") VALUES ($1, $2, $3, $4, $5) RETURNING "id"  [["title", "Ruby on Rails for Developers"], ["url", "https://github.com/generalassembly/ga-ruby-on-rails-for-devs"], ["text", "Somewhat advanced curriculum, but the exercises are also good for anyone who is motivated and \n    self-guided with experience."], ["slug", "ga-ror-for-developers"], ["resource_type", "rails"]]
  [1m[36m (0.4ms)[0m  [1mCOMMIT[0m
  [1m[35m (0.1ms)[0m  BEGIN
  [1m[36mPin Exists (0.4ms)[0m  [1mSELECT  1 AS one FROM "pins" WHERE "pins"."slug" = 'ruby-monk' LIMIT 1[0m
  [1m[35mSQL (0.2ms)[0m  INSERT INTO "pins" ("title", "url", "text", "slug", "resource_type") VALUES ($1, $2, $3, $4, $5) RETURNING "id"  [["title", "Ruby Monk"], ["url", "http://rubymonk.com"], ["text", "The Ruby Primer is a free interactive book that helps you learn Ruby. Discover Ruby idioms, learn \n    lessons and solve problems, all in your browser!"], ["slug", "ruby-monk"], ["resource_type", "ruby"]]
  [1m[36m (0.4ms)[0m  [1mCOMMIT[0m
  [1m[36mSQL (0.3ms)[0m  [1mCREATE EXTENSION IF NOT EXISTS "plpgsql"[0m
  [1m[35m (7.1ms)[0m  DROP TABLE "pins" CASCADE
  [1m[36m (7.2ms)[0m  [1mCREATE TABLE "pins" ("id" serial primary key, "title" character varying, "url" character varying, "text" text, "slug" character varying, "resource_type" character varying) [0m
  [1m[35m (0.4ms)[0m  SELECT version FROM "schema_migrations"
  [1m[36mSQL (0.4ms)[0m  [1mCREATE EXTENSION IF NOT EXISTS "plpgsql"[0m
  [1m[35m (6.6ms)[0m  DROP TABLE "pins" CASCADE
  [1m[36m (4.7ms)[0m  [1mCREATE TABLE "pins" ("id" serial primary key, "title" character varying, "url" character varying, "text" text, "slug" character varying, "resource_type" character varying) [0m
  [1m[35m (0.5ms)[0m  SELECT version FROM "schema_migrations"
  [1m[36mActiveRecord::SchemaMigration Load (0.4ms)[0m  [1mSELECT "schema_migrations".* FROM "schema_migrations"[0m
  [1m[35m (0.6ms)[0m  BEGIN
  [1m[36mPin Exists (0.7ms)[0m  [1mSELECT  1 AS one FROM "pins" WHERE "pins"."slug" = 'rails-tutorial' LIMIT 1[0m
  [1m[35mSQL (0.4ms)[0m  INSERT INTO "pins" ("title", "url", "text", "slug", "resource_type") VALUES ($1, $2, $3, $4, $5) RETURNING "id"  [["title", "Rails Tutorial"], ["url", "https://www.railstutorial.org/"], ["text", "The trusted standard in self-directed introductions to Ruby on Rails. A complete treatment of all the essentials\n    required in most production Rails applications."], ["slug", "rails-tutorial"], ["resource_type", "rails"]]
  [1m[36m (0.4ms)[0m  [1mCOMMIT[0m
  [1m[35m (0.1ms)[0m  BEGIN
  [1m[36mPin Exists (0.3ms)[0m  [1mSELECT  1 AS one FROM "pins" WHERE "pins"."slug" = 'rails-for-zombies' LIMIT 1[0m
  [1m[35mSQL (0.2ms)[0m  INSERT INTO "pins" ("title", "url", "text", "slug", "resource_type") VALUES ($1, $2, $3, $4, $5) RETURNING "id"  [["title", "Rails for Zombies"], ["url", "http://railsforzombies.org"], ["text", "A fun, gamified way to hone your Rails skills! Come on...who doesn't like fighting zombies?!"], ["slug", "rails-for-zombies"], ["resource_type", "rails"]]
  [1m[36m (0.4ms)[0m  [1mCOMMIT[0m
  [1m[35m (0.1ms)[0m  BEGIN
  [1m[36mPin Exists (0.5ms)[0m  [1mSELECT  1 AS one FROM "pins" WHERE "pins"."slug" = 'try-ruby' LIMIT 1[0m
  [1m[35mSQL (0.2ms)[0m  INSERT INTO "pins" ("title", "url", "text", "slug", "resource_type") VALUES ($1, $2, $3, $4, $5) RETURNING "id"  [["title", "Try Ruby"], ["url", "http://tryruby.org/"], ["text", "An interactive, in-browser tutorial for the Ruby programming language. A thorough walkthrough of \n    Ruby's nuances, geared toward beginners."], ["slug", "try-ruby"], ["resource_type", "ruby"]]
  [1m[36m (0.4ms)[0m  [1mCOMMIT[0m
  [1m[35m (0.2ms)[0m  BEGIN
  [1m[36mPin Exists (0.3ms)[0m  [1mSELECT  1 AS one FROM "pins" WHERE "pins"."slug" = 'ruby-quiz' LIMIT 1[0m
  [1m[35mSQL (0.2ms)[0m  INSERT INTO "pins" ("title", "url", "text", "slug", "resource_type") VALUES ($1, $2, $3, $4, $5) RETURNING "id"  [["title", "Ruby Quiz"], ["url", "http://rubyquiz.org"], ["text", "A collection of quizzes on the Ruby programming language."], ["slug", "ruby-quiz"], ["resource_type", "ruby"]]
  [1m[36m (0.4ms)[0m  [1mCOMMIT[0m
  [1m[35m (0.1ms)[0m  BEGIN
  [1m[36mPin Exists (0.3ms)[0m  [1mSELECT  1 AS one FROM "pins" WHERE "pins"."slug" = 'ga-ror-for-developers' LIMIT 1[0m
  [1m[35mSQL (0.2ms)[0m  INSERT INTO "pins" ("title", "url", "text", "slug", "resource_type") VALUES ($1, $2, $3, $4, $5) RETURNING "id"  [["title", "Ruby on Rails for Developers"], ["url", "https://github.com/generalassembly/ga-ruby-on-rails-for-devs"], ["text", "Somewhat advanced curriculum, but the exercises are also good for anyone who is motivated and \n    self-guided with experience."], ["slug", "ga-ror-for-developers"], ["resource_type", "rails"]]
  [1m[36m (0.4ms)[0m  [1mCOMMIT[0m
  [1m[35m (0.1ms)[0m  BEGIN
  [1m[36mPin Exists (0.2ms)[0m  [1mSELECT  1 AS one FROM "pins" WHERE "pins"."slug" = 'ruby-monk' LIMIT 1[0m
  [1m[35mSQL (0.2ms)[0m  INSERT INTO "pins" ("title", "url", "text", "slug", "resource_type") VALUES ($1, $2, $3, $4, $5) RETURNING "id"  [["title", "Ruby Monk"], ["url", "http://rubymonk.com"], ["text", "The Ruby Primer is a free interactive book that helps you learn Ruby. Discover Ruby idioms, learn \n    lessons and solve problems, all in your browser!"], ["slug", "ruby-monk"], ["resource_type", "ruby"]]
  [1m[36m (0.4ms)[0m  [1mCOMMIT[0m


Started GET "/" for ::1 at 2016-05-07 20:12:57 -0400
  [1m[36mActiveRecord::SchemaMigration Load (0.5ms)[0m  [1mSELECT "schema_migrations".* FROM "schema_migrations"[0m
Processing by PinsController#index as HTML
  [1m[35mPin Load (0.5ms)[0m  SELECT "pins".* FROM "pins"
  Rendered pins/index.erb within layouts/application (19.6ms)
Completed 200 OK in 1282ms (Views: 1262.0ms | ActiveRecord: 6.9ms)


Started GET "/assets/cosmo-bootswatch-theme-450effffe2a267bc84c90be0448c1ea9.css?body=1" for ::1 at 2016-05-07 20:12:59 -0400


Started GET "/assets/pins-f0f01a632898135dcc3b1dbf10893150.css?body=1" for ::1 at 2016-05-07 20:12:59 -0400


Started GET "/assets/application-4bc7dd53c02a08e2636162e12a438272.css?body=1" for ::1 at 2016-05-07 20:12:59 -0400


Started GET "/assets/jquery-87424c3c19e96d4fb033c10ebe21ec40.js?body=1" for ::1 at 2016-05-07 20:12:59 -0400


Started GET "/assets/jquery_ujs-e27bd20a10d28155845a22d71ef94f2f.js?body=1" for ::1 at 2016-05-07 20:12:59 -0400


Started GET "/assets/turbolinks-f87b3583ca50adb0488b031297f5580d.js?body=1" for ::1 at 2016-05-07 20:12:59 -0400


Started GET "/assets/application-bc105cf26f847567b5eae624a793b626.js?body=1" for ::1 at 2016-05-07 20:12:59 -0400


Started GET "/pins/1" for ::1 at 2016-05-07 20:18:46 -0400
Processing by PinsController#show as HTML
  Parameters: {"id"=>"1"}
  [1m[36mPin Load (0.3ms)[0m  [1mSELECT  "pins".* FROM "pins" WHERE "pins"."id" = $1 LIMIT 1[0m  [["id", 1]]
  Rendered pins/show.erb within layouts/application (30.1ms)
Completed 500 Internal Server Error in 46ms

ActionView::Template::Error (undefined local variable or method `pin' for #<#<Class:0x007fdd6c77ceb8>:0x007fdd7153f380>
Did you mean?  @pin):
    10:   <hr/>
    11:   <p>
    12:     <b>Visit <%= "#{@pin.title}" %> at: </b>
    13:     <a class="url" href="<%= "#{pin.url}" %>" target="_blank">
    14:       <%= "#{pin.url}" %>
    15:     </a>
    16:   </p>
  app/views/pins/show.erb:13:in `_app_views_pins_show_erb__2732669085413290068_70294532911160'


  Rendered /Users/abigailmabeza/.rvm/gems/ruby-2.3.0/gems/actionpack-4.2.0/lib/action_dispatch/middleware/templates/rescues/_source.erb (5.3ms)
  Rendered /Users/abigailmabeza/.rvm/gems/ruby-2.3.0/gems/actionpack-4.2.0/lib/action_dispatch/middleware/templates/rescues/_trace.html.erb (2.4ms)
  Rendered /Users/abigailmabeza/.rvm/gems/ruby-2.3.0/gems/actionpack-4.2.0/lib/action_dispatch/middleware/templates/rescues/_request_and_response.html.erb (0.9ms)
  Rendered /Users/abigailmabeza/.rvm/gems/ruby-2.3.0/gems/actionpack-4.2.0/lib/action_dispatch/middleware/templates/rescues/template_error.html.erb within rescues/layout (51.2ms)
  Rendered /Users/abigailmabeza/.rvm/gems/ruby-2.3.0/gems/web-console-2.1.2/lib/web_console/templates/_markup.html.erb (0.9ms)
  Rendered /Users/abigailmabeza/.rvm/gems/ruby-2.3.0/gems/web-console-2.1.2/lib/web_console/templates/style.css.erb within layouts/inlined_string (0.4ms)
  Rendered /Users/abigailmabeza/.rvm/gems/ruby-2.3.0/gems/web-console-2.1.2/lib/web_console/templates/_inner_console_markup.html.erb within layouts/inlined_string (0.3ms)
  Rendered /Users/abigailmabeza/.rvm/gems/ruby-2.3.0/gems/web-console-2.1.2/lib/web_console/templates/_prompt_box_markup.html.erb within layouts/inlined_string (0.3ms)
  Rendered /Users/abigailmabeza/.rvm/gems/ruby-2.3.0/gems/web-console-2.1.2/lib/web_console/templates/console.js.erb within layouts/javascript (51.6ms)
  Rendered /Users/abigailmabeza/.rvm/gems/ruby-2.3.0/gems/web-console-2.1.2/lib/web_console/templates/main.js.erb within layouts/javascript (0.3ms)
  Rendered /Users/abigailmabeza/.rvm/gems/ruby-2.3.0/gems/web-console-2.1.2/lib/web_console/templates/error_page.js.erb within layouts/javascript (0.5ms)
  Rendered /Users/abigailmabeza/.rvm/gems/ruby-2.3.0/gems/web-console-2.1.2/lib/web_console/templates/index.html.erb (117.8ms)


Started GET "/pins/1" for ::1 at 2016-05-07 20:18:47 -0400
Processing by PinsController#show as HTML
  Parameters: {"id"=>"1"}
  [1m[35mPin Load (0.3ms)[0m  SELECT  "pins".* FROM "pins" WHERE "pins"."id" = $1 LIMIT 1  [["id", 1]]
  Rendered pins/show.erb within layouts/application (49.8ms)
Completed 500 Internal Server Error in 54ms

ActionView::Template::Error (undefined local variable or method `pin' for #<#<Class:0x007fdd6c77ceb8>:0x007fdd6dc02810>
Did you mean?  @pin):
    10:   <hr/>
    11:   <p>
    12:     <b>Visit <%= "#{@pin.title}" %> at: </b>
    13:     <a class="url" href="<%= "#{pin.url}" %>" target="_blank">
    14:       <%= "#{pin.url}" %>
    15:     </a>
    16:   </p>
  app/views/pins/show.erb:13:in `_app_views_pins_show_erb__2732669085413290068_70294502902520'


  Rendered /Users/abigailmabeza/.rvm/gems/ruby-2.3.0/gems/actionpack-4.2.0/lib/action_dispatch/middleware/templates/rescues/_source.erb (5.3ms)
  Rendered /Users/abigailmabeza/.rvm/gems/ruby-2.3.0/gems/actionpack-4.2.0/lib/action_dispatch/middleware/templates/rescues/_trace.html.erb (2.2ms)
  Rendered /Users/abigailmabeza/.rvm/gems/ruby-2.3.0/gems/actionpack-4.2.0/lib/action_dispatch/middleware/templates/rescues/_request_and_response.html.erb (0.9ms)
  Rendered /Users/abigailmabeza/.rvm/gems/ruby-2.3.0/gems/actionpack-4.2.0/lib/action_dispatch/middleware/templates/rescues/template_error.html.erb within rescues/layout (48.9ms)
  Rendered /Users/abigailmabeza/.rvm/gems/ruby-2.3.0/gems/web-console-2.1.2/lib/web_console/templates/_markup.html.erb (0.5ms)
  Rendered /Users/abigailmabeza/.rvm/gems/ruby-2.3.0/gems/web-console-2.1.2/lib/web_console/templates/style.css.erb within layouts/inlined_string (0.5ms)
  Rendered /Users/abigailmabeza/.rvm/gems/ruby-2.3.0/gems/web-console-2.1.2/lib/web_console/templates/_inner_console_markup.html.erb within layouts/inlined_string (0.6ms)
  Rendered /Users/abigailmabeza/.rvm/gems/ruby-2.3.0/gems/web-console-2.1.2/lib/web_console/templates/_prompt_box_markup.html.erb within layouts/inlined_string (0.3ms)
  Rendered /Users/abigailmabeza/.rvm/gems/ruby-2.3.0/gems/web-console-2.1.2/lib/web_console/templates/console.js.erb within layouts/javascript (46.3ms)
  Rendered /Users/abigailmabeza/.rvm/gems/ruby-2.3.0/gems/web-console-2.1.2/lib/web_console/templates/main.js.erb within layouts/javascript (0.4ms)
  Rendered /Users/abigailmabeza/.rvm/gems/ruby-2.3.0/gems/web-console-2.1.2/lib/web_console/templates/error_page.js.erb within layouts/javascript (0.4ms)
  Rendered /Users/abigailmabeza/.rvm/gems/ruby-2.3.0/gems/web-console-2.1.2/lib/web_console/templates/index.html.erb (107.3ms)


Started GET "/pins/1" for ::1 at 2016-05-07 20:25:51 -0400
Processing by PinsController#show as HTML
  Parameters: {"id"=>"1"}
  [1m[36mPin Load (0.3ms)[0m  [1mSELECT  "pins".* FROM "pins" WHERE "pins"."id" = $1 LIMIT 1[0m  [["id", 1]]
  Rendered pins/show.erb within layouts/application (26.5ms)
Completed 500 Internal Server Error in 31ms

ActionView::Template::Error (undefined local variable or method `pin' for #<#<Class:0x007fdd6c77ceb8>:0x007fdd6d0fd668>
Did you mean?  @pin):
    10:   <hr/>
    11:   <p>
    12:     <b>Visit <%= "#{@pin.title}" %> at: </b>
    13:     <a class="url" href="<%= "#{pin.url}" %>" target="_blank">
    14:       <%= "#{pin.url}" %>
    15:     </a>
    16:   </p>
  app/views/pins/show.erb:13:in `_app_views_pins_show_erb__2732669085413290068_70294532911160'


  Rendered /Users/abigailmabeza/.rvm/gems/ruby-2.3.0/gems/actionpack-4.2.0/lib/action_dispatch/middleware/templates/rescues/_source.erb (6.4ms)
  Rendered /Users/abigailmabeza/.rvm/gems/ruby-2.3.0/gems/actionpack-4.2.0/lib/action_dispatch/middleware/templates/rescues/_trace.html.erb (3.0ms)
  Rendered /Users/abigailmabeza/.rvm/gems/ruby-2.3.0/gems/actionpack-4.2.0/lib/action_dispatch/middleware/templates/rescues/_request_and_response.html.erb (1.1ms)
  Rendered /Users/abigailmabeza/.rvm/gems/ruby-2.3.0/gems/actionpack-4.2.0/lib/action_dispatch/middleware/templates/rescues/template_error.html.erb within rescues/layout (50.5ms)
  Rendered /Users/abigailmabeza/.rvm/gems/ruby-2.3.0/gems/web-console-2.1.2/lib/web_console/templates/_markup.html.erb (0.6ms)
  Rendered /Users/abigailmabeza/.rvm/gems/ruby-2.3.0/gems/web-console-2.1.2/lib/web_console/templates/style.css.erb within layouts/inlined_string (0.4ms)
  Rendered /Users/abigailmabeza/.rvm/gems/ruby-2.3.0/gems/web-console-2.1.2/lib/web_console/templates/_inner_console_markup.html.erb within layouts/inlined_string (0.3ms)
  Rendered /Users/abigailmabeza/.rvm/gems/ruby-2.3.0/gems/web-console-2.1.2/lib/web_console/templates/_prompt_box_markup.html.erb within layouts/inlined_string (0.4ms)
  Rendered /Users/abigailmabeza/.rvm/gems/ruby-2.3.0/gems/web-console-2.1.2/lib/web_console/templates/console.js.erb within layouts/javascript (38.2ms)
  Rendered /Users/abigailmabeza/.rvm/gems/ruby-2.3.0/gems/web-console-2.1.2/lib/web_console/templates/main.js.erb within layouts/javascript (0.5ms)
  Rendered /Users/abigailmabeza/.rvm/gems/ruby-2.3.0/gems/web-console-2.1.2/lib/web_console/templates/error_page.js.erb within layouts/javascript (0.4ms)
  Rendered /Users/abigailmabeza/.rvm/gems/ruby-2.3.0/gems/web-console-2.1.2/lib/web_console/templates/index.html.erb (85.5ms)


Started GET "/pins/1" for ::1 at 2016-05-07 20:25:51 -0400
Processing by PinsController#show as HTML
  Parameters: {"id"=>"1"}
  [1m[35mPin Load (0.3ms)[0m  SELECT  "pins".* FROM "pins" WHERE "pins"."id" = $1 LIMIT 1  [["id", 1]]
  Rendered pins/show.erb within layouts/application (25.9ms)
Completed 500 Internal Server Error in 31ms

ActionView::Template::Error (undefined local variable or method `pin' for #<#<Class:0x007fdd6c77ceb8>:0x007fdd71453458>
Did you mean?  @pin):
    10:   <hr/>
    11:   <p>
    12:     <b>Visit <%= "#{@pin.title}" %> at: </b>
    13:     <a class="url" href="<%= "#{pin.url}" %>" target="_blank">
    14:       <%= "#{pin.url}" %>
    15:     </a>
    16:   </p>
  app/views/pins/show.erb:13:in `_app_views_pins_show_erb__2732669085413290068_70294502902520'


  Rendered /Users/abigailmabeza/.rvm/gems/ruby-2.3.0/gems/actionpack-4.2.0/lib/action_dispatch/middleware/templates/rescues/_source.erb (5.9ms)
  Rendered /Users/abigailmabeza/.rvm/gems/ruby-2.3.0/gems/actionpack-4.2.0/lib/action_dispatch/middleware/templates/rescues/_trace.html.erb (3.2ms)
  Rendered /Users/abigailmabeza/.rvm/gems/ruby-2.3.0/gems/actionpack-4.2.0/lib/action_dispatch/middleware/templates/rescues/_request_and_response.html.erb (1.0ms)
  Rendered /Users/abigailmabeza/.rvm/gems/ruby-2.3.0/gems/actionpack-4.2.0/lib/action_dispatch/middleware/templates/rescues/template_error.html.erb within rescues/layout (51.7ms)
  Rendered /Users/abigailmabeza/.rvm/gems/ruby-2.3.0/gems/web-console-2.1.2/lib/web_console/templates/_markup.html.erb (0.4ms)
  Rendered /Users/abigailmabeza/.rvm/gems/ruby-2.3.0/gems/web-console-2.1.2/lib/web_console/templates/style.css.erb within layouts/inlined_string (0.5ms)
  Rendered /Users/abigailmabeza/.rvm/gems/ruby-2.3.0/gems/web-console-2.1.2/lib/web_console/templates/_inner_console_markup.html.erb within layouts/inlined_string (0.4ms)
  Rendered /Users/abigailmabeza/.rvm/gems/ruby-2.3.0/gems/web-console-2.1.2/lib/web_console/templates/_prompt_box_markup.html.erb within layouts/inlined_string (0.3ms)
  Rendered /Users/abigailmabeza/.rvm/gems/ruby-2.3.0/gems/web-console-2.1.2/lib/web_console/templates/console.js.erb within layouts/javascript (39.4ms)
  Rendered /Users/abigailmabeza/.rvm/gems/ruby-2.3.0/gems/web-console-2.1.2/lib/web_console/templates/main.js.erb within layouts/javascript (0.3ms)
  Rendered /Users/abigailmabeza/.rvm/gems/ruby-2.3.0/gems/web-console-2.1.2/lib/web_console/templates/error_page.js.erb within layouts/javascript (0.4ms)
  Rendered /Users/abigailmabeza/.rvm/gems/ruby-2.3.0/gems/web-console-2.1.2/lib/web_console/templates/index.html.erb (87.8ms)


Started GET "/pins/1" for ::1 at 2016-05-07 20:28:05 -0400
Processing by PinsController#show as HTML
  Parameters: {"id"=>"1"}
  [1m[36mPin Load (0.3ms)[0m  [1mSELECT  "pins".* FROM "pins" WHERE "pins"."id" = $1 LIMIT 1[0m  [["id", 1]]
  Rendered pins/show.erb within layouts/application (22.6ms)
Completed 500 Internal Server Error in 27ms

ActionView::Template::Error (undefined local variable or method `pin' for #<#<Class:0x007fdd6c77ceb8>:0x007fdd713efc28>
Did you mean?  @pin):
    10:   <hr/>
    11:   <p>
    12:     <b>Visit <%= "#{@pin.title}" %> at: </b>
    13:     <a class="url" href="<%= "#{pin.url}" %>" target="_blank">
    14:       <%= "#{pin.url}" %>
    15:     </a>
    16:   </p>
  app/views/pins/show.erb:13:in `_app_views_pins_show_erb__2732669085413290068_70294532911160'


  Rendered /Users/abigailmabeza/.rvm/gems/ruby-2.3.0/gems/actionpack-4.2.0/lib/action_dispatch/middleware/templates/rescues/_source.erb (5.2ms)
  Rendered /Users/abigailmabeza/.rvm/gems/ruby-2.3.0/gems/actionpack-4.2.0/lib/action_dispatch/middleware/templates/rescues/_trace.html.erb (2.4ms)
  Rendered /Users/abigailmabeza/.rvm/gems/ruby-2.3.0/gems/actionpack-4.2.0/lib/action_dispatch/middleware/templates/rescues/_request_and_response.html.erb (0.8ms)
  Rendered /Users/abigailmabeza/.rvm/gems/ruby-2.3.0/gems/actionpack-4.2.0/lib/action_dispatch/middleware/templates/rescues/template_error.html.erb within rescues/layout (51.3ms)
  Rendered /Users/abigailmabeza/.rvm/gems/ruby-2.3.0/gems/web-console-2.1.2/lib/web_console/templates/_markup.html.erb (0.4ms)
  Rendered /Users/abigailmabeza/.rvm/gems/ruby-2.3.0/gems/web-console-2.1.2/lib/web_console/templates/style.css.erb within layouts/inlined_string (0.3ms)
  Rendered /Users/abigailmabeza/.rvm/gems/ruby-2.3.0/gems/web-console-2.1.2/lib/web_console/templates/_inner_console_markup.html.erb within layouts/inlined_string (0.5ms)
  Rendered /Users/abigailmabeza/.rvm/gems/ruby-2.3.0/gems/web-console-2.1.2/lib/web_console/templates/_prompt_box_markup.html.erb within layouts/inlined_string (0.3ms)
  Rendered /Users/abigailmabeza/.rvm/gems/ruby-2.3.0/gems/web-console-2.1.2/lib/web_console/templates/console.js.erb within layouts/javascript (42.0ms)
  Rendered /Users/abigailmabeza/.rvm/gems/ruby-2.3.0/gems/web-console-2.1.2/lib/web_console/templates/main.js.erb within layouts/javascript (0.3ms)
  Rendered /Users/abigailmabeza/.rvm/gems/ruby-2.3.0/gems/web-console-2.1.2/lib/web_console/templates/error_page.js.erb within layouts/javascript (0.4ms)
  Rendered /Users/abigailmabeza/.rvm/gems/ruby-2.3.0/gems/web-console-2.1.2/lib/web_console/templates/index.html.erb (97.7ms)


Started GET "/pins/1" for ::1 at 2016-05-07 20:28:05 -0400
Processing by PinsController#show as HTML
  Parameters: {"id"=>"1"}
  [1m[35mPin Load (0.9ms)[0m  SELECT  "pins".* FROM "pins" WHERE "pins"."id" = $1 LIMIT 1  [["id", 1]]
  Rendered pins/show.erb within layouts/application (26.5ms)
Completed 500 Internal Server Error in 32ms

ActionView::Template::Error (undefined local variable or method `pin' for #<#<Class:0x007fdd6c77ceb8>:0x007fdd6d1df518>
Did you mean?  @pin):
    10:   <hr/>
    11:   <p>
    12:     <b>Visit <%= "#{@pin.title}" %> at: </b>
    13:     <a class="url" href="<%= "#{pin.url}" %>" target="_blank">
    14:       <%= "#{pin.url}" %>
    15:     </a>
    16:   </p>
  app/views/pins/show.erb:13:in `_app_views_pins_show_erb__2732669085413290068_70294502902520'


  Rendered /Users/abigailmabeza/.rvm/gems/ruby-2.3.0/gems/actionpack-4.2.0/lib/action_dispatch/middleware/templates/rescues/_source.erb (7.2ms)
  Rendered /Users/abigailmabeza/.rvm/gems/ruby-2.3.0/gems/actionpack-4.2.0/lib/action_dispatch/middleware/templates/rescues/_trace.html.erb (2.8ms)
  Rendered /Users/abigailmabeza/.rvm/gems/ruby-2.3.0/gems/actionpack-4.2.0/lib/action_dispatch/middleware/templates/rescues/_request_and_response.html.erb (0.8ms)
  Rendered /Users/abigailmabeza/.rvm/gems/ruby-2.3.0/gems/actionpack-4.2.0/lib/action_dispatch/middleware/templates/rescues/template_error.html.erb within rescues/layout (53.3ms)
  Rendered /Users/abigailmabeza/.rvm/gems/ruby-2.3.0/gems/web-console-2.1.2/lib/web_console/templates/_markup.html.erb (0.5ms)
  Rendered /Users/abigailmabeza/.rvm/gems/ruby-2.3.0/gems/web-console-2.1.2/lib/web_console/templates/style.css.erb within layouts/inlined_string (0.5ms)
  Rendered /Users/abigailmabeza/.rvm/gems/ruby-2.3.0/gems/web-console-2.1.2/lib/web_console/templates/_inner_console_markup.html.erb within layouts/inlined_string (1.3ms)
  Rendered /Users/abigailmabeza/.rvm/gems/ruby-2.3.0/gems/web-console-2.1.2/lib/web_console/templates/_prompt_box_markup.html.erb within layouts/inlined_string (0.3ms)
  Rendered /Users/abigailmabeza/.rvm/gems/ruby-2.3.0/gems/web-console-2.1.2/lib/web_console/templates/console.js.erb within layouts/javascript (50.4ms)
  Rendered /Users/abigailmabeza/.rvm/gems/ruby-2.3.0/gems/web-console-2.1.2/lib/web_console/templates/main.js.erb within layouts/javascript (0.3ms)
  Rendered /Users/abigailmabeza/.rvm/gems/ruby-2.3.0/gems/web-console-2.1.2/lib/web_console/templates/error_page.js.erb within layouts/javascript (0.6ms)
  Rendered /Users/abigailmabeza/.rvm/gems/ruby-2.3.0/gems/web-console-2.1.2/lib/web_console/templates/index.html.erb (107.4ms)


Started GET "/" for ::1 at 2016-05-07 21:05:45 -0400
  [1m[36mActiveRecord::SchemaMigration Load (0.4ms)[0m  [1mSELECT "schema_migrations".* FROM "schema_migrations"[0m
Processing by PinsController#index as HTML
  [1m[35mPin Load (0.7ms)[0m  SELECT "pins".* FROM "pins"
  Rendered pins/index.erb within layouts/application (11.9ms)
Completed 200 OK in 132ms (Views: 117.0ms | ActiveRecord: 4.1ms)


Started GET "/pins/1" for ::1 at 2016-05-07 21:05:50 -0400
Processing by PinsController#show as HTML
  Parameters: {"id"=>"1"}
  [1m[36mPin Load (0.3ms)[0m  [1mSELECT  "pins".* FROM "pins" WHERE "pins"."id" = $1 LIMIT 1[0m  [["id", 1]]
  Rendered pins/show.erb within layouts/application (0.5ms)
Completed 200 OK in 46ms (Views: 34.2ms | ActiveRecord: 0.5ms)


Started GET "/pins/1" for ::1 at 2016-05-07 21:06:15 -0400
Processing by PinsController#show as HTML
  Parameters: {"id"=>"1"}
  [1m[35mPin Load (0.3ms)[0m  SELECT  "pins".* FROM "pins" WHERE "pins"."id" = $1 LIMIT 1  [["id", 1]]
  Rendered pins/show.erb within layouts/application (0.1ms)
Completed 200 OK in 31ms (Views: 29.5ms | ActiveRecord: 0.3ms)


Started GET "/pins/2" for ::1 at 2016-05-07 21:06:32 -0400
Processing by PinsController#show as HTML
  Parameters: {"id"=>"2"}
  [1m[36mPin Load (0.4ms)[0m  [1mSELECT  "pins".* FROM "pins" WHERE "pins"."id" = $1 LIMIT 1[0m  [["id", 2]]
  Rendered pins/show.erb within layouts/application (0.1ms)
Completed 200 OK in 30ms (Views: 28.1ms | ActiveRecord: 0.4ms)


Started GET "/" for ::1 at 2016-05-07 21:06:40 -0400
Processing by PinsController#index as HTML
  [1m[35mPin Load (0.3ms)[0m  SELECT "pins".* FROM "pins"
  Rendered pins/index.erb within layouts/application (1.8ms)
Completed 200 OK in 31ms (Views: 29.8ms | ActiveRecord: 0.3ms)


Started GET "/pins/3" for ::1 at 2016-05-07 21:06:44 -0400
Processing by PinsController#show as HTML
  Parameters: {"id"=>"3"}
  [1m[36mPin Load (0.4ms)[0m  [1mSELECT  "pins".* FROM "pins" WHERE "pins"."id" = $1 LIMIT 1[0m  [["id", 3]]
  Rendered pins/show.erb within layouts/application (0.2ms)
Completed 200 OK in 29ms (Views: 28.0ms | ActiveRecord: 0.4ms)


Started GET "/pins/4" for ::1 at 2016-05-07 21:06:48 -0400
Processing by PinsController#show as HTML
  Parameters: {"id"=>"4"}
  [1m[35mPin Load (0.3ms)[0m  SELECT  "pins".* FROM "pins" WHERE "pins"."id" = $1 LIMIT 1  [["id", 4]]
  Rendered pins/show.erb within layouts/application (0.1ms)
Completed 200 OK in 41ms (Views: 39.4ms | ActiveRecord: 0.3ms)


Started GET "/pins/5" for ::1 at 2016-05-07 21:06:52 -0400
Processing by PinsController#show as HTML
  Parameters: {"id"=>"5"}
  [1m[36mPin Load (0.3ms)[0m  [1mSELECT  "pins".* FROM "pins" WHERE "pins"."id" = $1 LIMIT 1[0m  [["id", 5]]
  Rendered pins/show.erb within layouts/application (0.1ms)
Completed 200 OK in 49ms (Views: 47.9ms | ActiveRecord: 0.3ms)


Started GET "/pins/6" for ::1 at 2016-05-07 21:07:01 -0400
Processing by PinsController#show as HTML
  Parameters: {"id"=>"6"}
  [1m[35mPin Load (0.2ms)[0m  SELECT  "pins".* FROM "pins" WHERE "pins"."id" = $1 LIMIT 1  [["id", 6]]
  Rendered pins/show.erb within layouts/application (0.1ms)
Completed 200 OK in 37ms (Views: 36.1ms | ActiveRecord: 0.2ms)
